<?xml version="1.0" encoding="UTF-8"?>
<!-- Generated by org.testng.reporters.JUnitReportReporter -->
<testsuite skipped="0" hostname="ip-172-31-17-32" name="com.test.TestNg_class" tests="3" failures="0" timestamp="29 Mar 2023 12:10:55 GMT" time="8.483" errors="0">
  <testcase name="Test1" time="2.786" classname="com.test.TestNg_class"/>
  <testcase name="Test2" time="2.449" classname="com.test.TestNg_class"/>
  <testcase name="Test" time="3.248" classname="com.test.TestNg_class"/>
</testsuite> <!-- com.test.TestNg_class -->
