<?xml version="1.0" encoding="UTF-8"?>
<!-- Generated by org.testng.reporters.JUnitReportReporter -->
<testsuite skipped="0" hostname="ip-172-31-17-32" name="com.test.TestNg_class" tests="3" failures="0" timestamp="29 Mar 2023 12:38:59 GMT" time="7.278" errors="0">
  <testcase name="Test" time="2.463" classname="com.test.TestNg_class"/>
  <testcase name="Test1" time="2.434" classname="com.test.TestNg_class"/>
  <testcase name="Test2" time="2.381" classname="com.test.TestNg_class"/>
</testsuite> <!-- com.test.TestNg_class -->
